directive:1:9: warning: HLS pragma dump _XLX_SEP_ PragmaIsValid=1_XLX_SEP_ PragmaType=top_XLX_SEP_ PragmaContext=directive_XLX_SEP_ PragmaFunction=matmul_partition_XLX_SEP_ PragmaOptions=name=matmul_partition_XLX_SEP_ [-Wdump-hls-pragmas]
#pragma HLSDIRECTIVE TOP name=matmul_partition
        ^
C:/Users/avery/Downloads/matmul_partition.cpp:24:9: warning: HLS pragma dump _XLX_SEP_ PragmaIsValid=1_XLX_SEP_ PragmaType=interface_XLX_SEP_ PragmaContext=_XLX_SEP_ PragmaFunction=matmul_partition_XLX_SEP_ PragmaOptions=m_axi port = in1 depth = 256_XLX_SEP_ [-Wdump-hls-pragmas]
#pragma HLS INTERFACE m_axi port = in1 depth = 256
        ^
C:/Users/avery/Downloads/matmul_partition.cpp:25:9: warning: HLS pragma dump _XLX_SEP_ PragmaIsValid=1_XLX_SEP_ PragmaType=interface_XLX_SEP_ PragmaContext=_XLX_SEP_ PragmaFunction=matmul_partition_XLX_SEP_ PragmaOptions=m_axi port = in2 depth = 256_XLX_SEP_ [-Wdump-hls-pragmas]
#pragma HLS INTERFACE m_axi port = in2 depth = 256
        ^
C:/Users/avery/Downloads/matmul_partition.cpp:26:9: warning: HLS pragma dump _XLX_SEP_ PragmaIsValid=1_XLX_SEP_ PragmaType=interface_XLX_SEP_ PragmaContext=_XLX_SEP_ PragmaFunction=matmul_partition_XLX_SEP_ PragmaOptions=m_axi port = out_r depth = 256_XLX_SEP_ [-Wdump-hls-pragmas]
#pragma HLS INTERFACE m_axi port = out_r depth = 256
        ^
C:/Users/avery/Downloads/matmul_partition.cpp:27:9: warning: HLS pragma dump _XLX_SEP_ PragmaIsValid=1_XLX_SEP_ PragmaType=interface_XLX_SEP_ PragmaContext=_XLX_SEP_ PragmaFunction=matmul_partition_XLX_SEP_ PragmaOptions=s_axilite port=return_XLX_SEP_ [-Wdump-hls-pragmas]
#pragma HLS INTERFACE s_axilite port=return
        ^
C:/Users/avery/Downloads/matmul_partition.cpp:34:9: warning: HLS pragma dump _XLX_SEP_ PragmaIsValid=1_XLX_SEP_ PragmaType=array_partition_XLX_SEP_ PragmaContext=_XLX_SEP_ PragmaFunction=matmul_partition_XLX_SEP_ PragmaOptions=variable = A dim = 1 cyclic factor = 16_XLX_SEP_ [-Wdump-hls-pragmas]
#pragma HLS ARRAY_PARTITION variable = A dim = 1 cyclic factor = 16
        ^
C:/Users/avery/Downloads/matmul_partition.cpp:37:9: warning: HLS pragma dump _XLX_SEP_ PragmaIsValid=1_XLX_SEP_ PragmaType=array_partition_XLX_SEP_ PragmaContext=_XLX_SEP_ PragmaFunction=matmul_partition_XLX_SEP_ PragmaOptions=variable = B dim = 1 block factor = 16_XLX_SEP_ [-Wdump-hls-pragmas]
#pragma HLS ARRAY_PARTITION variable = B dim = 1 block factor = 16
        ^
C:/Users/avery/Downloads/matmul_partition.cpp:47:9: warning: HLS pragma dump _XLX_SEP_ PragmaIsValid=1_XLX_SEP_ PragmaType=loop_tripcount_XLX_SEP_ PragmaContext=_XLX_SEP_ PragmaFunction=matmul_partition_XLX_SEP_ PragmaOptions=min = c_dim* c_dim max = c_dim * c_dim_XLX_SEP_ [-Wdump-hls-pragmas]
#pragma HLS LOOP_TRIPCOUNT min = c_dim* c_dim max = c_dim * c_dim
        ^
C:/Users/avery/Downloads/matmul_partition.cpp:58:9: warning: HLS pragma dump _XLX_SEP_ PragmaIsValid=1_XLX_SEP_ PragmaType=loop_tripcount_XLX_SEP_ PragmaContext=_XLX_SEP_ PragmaFunction=matmul_partition_XLX_SEP_ PragmaOptions=min = c_dim* c_dim max = c_dim * c_dim_XLX_SEP_ [-Wdump-hls-pragmas]
#pragma HLS LOOP_TRIPCOUNT min = c_dim* c_dim max = c_dim * c_dim
        ^
C:/Users/avery/Downloads/matmul_partition.cpp:68:9: warning: HLS pragma dump _XLX_SEP_ PragmaIsValid=1_XLX_SEP_ PragmaType=loop_tripcount_XLX_SEP_ PragmaContext=_XLX_SEP_ PragmaFunction=matmul_partition_XLX_SEP_ PragmaOptions=min = 1 max = 1_XLX_SEP_ [-Wdump-hls-pragmas]
#pragma HLS LOOP_TRIPCOUNT min = 1 max = 1
        ^
C:/Users/avery/Downloads/matmul_partition.cpp:71:9: warning: HLS pragma dump _XLX_SEP_ PragmaIsValid=1_XLX_SEP_ PragmaType=loop_tripcount_XLX_SEP_ PragmaContext=_XLX_SEP_ PragmaFunction=matmul_partition_XLX_SEP_ PragmaOptions=min = c_dim max = c_dim_XLX_SEP_ [-Wdump-hls-pragmas]
#pragma HLS LOOP_TRIPCOUNT min = c_dim max = c_dim
        ^
C:/Users/avery/Downloads/matmul_partition.cpp:76:9: warning: HLS pragma dump _XLX_SEP_ PragmaIsValid=1_XLX_SEP_ PragmaType=loop_tripcount_XLX_SEP_ PragmaContext=_XLX_SEP_ PragmaFunction=matmul_partition_XLX_SEP_ PragmaOptions=min = c_dim max = c_dim_XLX_SEP_ [-Wdump-hls-pragmas]
#pragma HLS LOOP_TRIPCOUNT min = c_dim max = c_dim
        ^
C:/Users/avery/Downloads/matmul_partition.cpp:92:9: warning: HLS pragma dump _XLX_SEP_ PragmaIsValid=1_XLX_SEP_ PragmaType=loop_tripcount_XLX_SEP_ PragmaContext=_XLX_SEP_ PragmaFunction=matmul_partition_XLX_SEP_ PragmaOptions=min = c_dim* c_dim max = c_dim * c_dim_XLX_SEP_ [-Wdump-hls-pragmas]
#pragma HLS LOOP_TRIPCOUNT min = c_dim* c_dim max = c_dim * c_dim
        ^
13 warnings generated.
