02/18/25 14:30:26: Running xcd server. This server was built by gradle.
02/18/25 14:30:26: Server was asked to start on port: '62156'
02/18/25 14:30:26: Server is using token UUID: 'f1bb7755-ee47-11ef-b233-f44ee3d4740d'
02/18/25 14:30:26: SESSION_MGR: creating session with session uuid: '6d04a3e9-ade5-4ab9-8d63-1f78fcd2ec76' and name 'default'
02/18/25 14:30:26: Attempting to start server on port '62156'
02/18/25 14:30:26: Running Dispatch Server
02/18/25 14:30:26: Version 2.2.0
02/18/25 14:30:26: Dispatch Server: Accepted socket connection from client
02/18/25 14:30:26: Starting Socket connection
02/18/25 14:30:26: EXCHANGE_TOKEN received, server token: f1bb7755-ee47-11ef-b233-f44ee3d4740d, passed token: f1bb7755-ee47-11ef-b233-f44ee3d4740d
02/18/25 14:30:26: SESSION_MGR: creating session with session uuid: 'd5a252d7-c090-4aad-9d74-74f765beff8e' and name 'Code Analyzer'
02/18/25 14:30:26: KERNEL_SVC: creating session with uuid: 'd5a252d7-c090-4aad-9d74-74f765beff8e' and name 'Code Analyzer'
02/18/25 14:30:26: GUIDANCE_SMGR: creating guidance session with uuid: 'd5a252d7-c090-4aad-9d74-74f765beff8e' and name 'Code Analyzer'
02/18/25 14:31:08: SESSION_MGR: closing session for UUID 'd5a252d7-c090-4aad-9d74-74f765beff8e' with name ''
02/18/25 14:31:08: KERNEL_SVC: closing session for UUID 'd5a252d7-c090-4aad-9d74-74f765beff8e' with name ''
02/18/25 14:31:08: GUIDANCE_SMGR: closing session for UUID 'd5a252d7-c090-4aad-9d74-74f765beff8e' with name ''
02/18/25 14:31:08: STOP_SERVER received, server token: f1bb7755-ee47-11ef-b233-f44ee3d4740d, passed token: f1bb7755-ee47-11ef-b233-f44ee3d4740d
02/18/25 14:31:08: Socket received request to stop server.
02/18/25 14:31:08: Dispatch Server: do_await_stop
02/18/25 14:31:08: SERVER: destructor for server bound to port 62156
02/18/25 14:31:08: Server exiting with status 0.
02/18/25 14:31:08: Closing log file.
02/18/25 18:14:07: Running xcd server. This server was built by gradle.
02/18/25 18:14:07: Server was asked to start on port: '51084'
02/18/25 18:14:07: Server is using token UUID: '31bcf8c8-ee67-11ef-ad78-f44ee3d4740d'
02/18/25 18:14:07: SESSION_MGR: creating session with session uuid: '6d04a3e9-ade5-4ab9-8d63-1f78fcd2ec76' and name 'default'
02/18/25 18:14:07: Attempting to start server on port '51084'
02/18/25 18:14:07: Running Dispatch Server
02/18/25 18:14:07: Version 2.2.0
02/18/25 18:14:08: Dispatch Server: Accepted socket connection from client
02/18/25 18:14:08: Starting Socket connection
02/18/25 18:14:08: EXCHANGE_TOKEN received, server token: 31bcf8c8-ee67-11ef-ad78-f44ee3d4740d, passed token: 31bcf8c8-ee67-11ef-ad78-f44ee3d4740d
02/18/25 18:14:08: SESSION_MGR: creating session with session uuid: '019094e1-cea6-4f1c-850a-fd1d3f97666e' and name 'Code Analyzer'
02/18/25 18:14:08: KERNEL_SVC: creating session with uuid: '019094e1-cea6-4f1c-850a-fd1d3f97666e' and name 'Code Analyzer'
02/18/25 18:14:08: GUIDANCE_SMGR: creating guidance session with uuid: '019094e1-cea6-4f1c-850a-fd1d3f97666e' and name 'Code Analyzer'
02/18/25 18:14:08: SESSION_MGR: closing session for UUID '019094e1-cea6-4f1c-850a-fd1d3f97666e' with name ''
02/18/25 18:14:08: KERNEL_SVC: closing session for UUID '019094e1-cea6-4f1c-850a-fd1d3f97666e' with name ''
02/18/25 18:14:08: GUIDANCE_SMGR: closing session for UUID '019094e1-cea6-4f1c-850a-fd1d3f97666e' with name ''
02/18/25 18:14:08: STOP_SERVER received, server token: 31bcf8c8-ee67-11ef-ad78-f44ee3d4740d, passed token: 31bcf8c8-ee67-11ef-ad78-f44ee3d4740d
02/18/25 18:14:08: Socket received request to stop server.
02/18/25 18:14:08: Dispatch Server: do_await_stop
02/18/25 18:14:08: SERVER: destructor for server bound to port 51084
02/18/25 18:14:08: Server exiting with status 0.
02/18/25 18:14:08: Closing log file.
