  **** HLS Build v2024.2 5238294
INFO: [HLS 200-2005] Using work_dir C:/Main_Folder/School/Year_4/Capstone/vitis_testing/hls/matmul_partitioned/matmul_partitioned 
INFO: [HLS 200-1505] Using default flow_target 'vivado'
Resolution: For help on HLS 200-1505 see docs.xilinx.com/access/sources/dita/topic?Doc_Version=2024.2%20English&url=ug1448-hls-guidance&resourceid=200-1505.html
INFO: [HLS 200-1465] Applying ini 'syn.file=C:\Users\avery\Downloads\matmul_partition.cpp' from C:/Main_Folder/School/Year_4/Capstone/vitis_testing/hls/matmul_partitioned/hls_config.cfg(7)
INFO: [HLS 200-10] Adding design file 'C:/Users/avery/Downloads/matmul_partition.cpp' to the project
INFO: [HLS 200-1465] Applying ini 'syn.file=C:\Users\avery\Downloads\matmul_partition.h' from C:/Main_Folder/School/Year_4/Capstone/vitis_testing/hls/matmul_partitioned/hls_config.cfg(8)
INFO: [HLS 200-10] Adding design file 'C:/Users/avery/Downloads/matmul_partition.h' to the project
INFO: [HLS 200-1465] Applying ini 'tb.file=C:\Users\avery\Downloads\matmul_partition_test.cpp' from C:/Main_Folder/School/Year_4/Capstone/vitis_testing/hls/matmul_partitioned/hls_config.cfg(9)
INFO: [HLS 200-10] Adding test bench file 'C:/Users/avery/Downloads/matmul_partition_test.cpp' to the project
INFO: [HLS 200-1465] Applying ini 'syn.top=matmul_partition' from C:/Main_Folder/School/Year_4/Capstone/vitis_testing/hls/matmul_partitioned/hls_config.cfg(10)
INFO: [HLS 200-1465] Applying ini 'flow_target=vivado' from C:/Main_Folder/School/Year_4/Capstone/vitis_testing/hls/matmul_partitioned/hls_config.cfg(4)
INFO: [HLS 200-1505] Using flow_target 'vivado'
Resolution: For help on HLS 200-1505 see docs.xilinx.com/access/sources/dita/topic?Doc_Version=2024.2%20English&url=ug1448-hls-guidance&resourceid=200-1505.html
INFO: [HLS 200-1465] Applying ini 'part=xc7z020clg400-1' from C:/Main_Folder/School/Year_4/Capstone/vitis_testing/hls/matmul_partitioned/hls_config.cfg(1)
INFO: [HLS 200-1611] Setting target device to 'xc7z020-clg400-1'
INFO: [HLS 200-1465] Applying ini 'cosim.trace_level=port' from C:/Main_Folder/School/Year_4/Capstone/vitis_testing/hls/matmul_partitioned/hls_config.cfg(13)
INFO: [HLS 200-1465] Applying ini 'cosim.wave_debug=1' from C:/Main_Folder/School/Year_4/Capstone/vitis_testing/hls/matmul_partitioned/hls_config.cfg(12)
INFO: [HLS 200-1465] Applying ini 'csim.code_analyzer=1' from C:/Main_Folder/School/Year_4/Capstone/vitis_testing/hls/matmul_partitioned/hls_config.cfg(11)
INFO: [HLS 200-1465] Applying ini 'package.output.format=ip_catalog' from C:/Main_Folder/School/Year_4/Capstone/vitis_testing/hls/matmul_partitioned/hls_config.cfg(5)
INFO: [SIM 211-200] Executing Code Analyzer instead of classic HLS C simulation
INFO: [SIM 211-210] Code Analyzer finished
INFO: [HLS 200-112] Total CPU user time: 3 seconds. Total CPU system time: 1 seconds. Total elapsed time: 12.145 seconds; peak allocated memory: 612.516 MB.
INFO: [vitis-run 60-791] Total elapsed time: 0h 0m 17s
