# 
# Steps log generated by v++
# This log file contains a collection of steps that describe the kernel compilation flow
# Note: Some steps are tagged as internal, these steps are for debugging purposes and 
#       are not expected to be able to run independently.
# 

# The following environment variables are set when running v++
Environment variables :
------------------------------------------
ALLUSERSPROFILE=C:\ProgramData
APPDATA=C:\Users\avery\AppData\Roaming
arr.length=0
arr.Ubound=-1
CHARPOP=1
CMAKE_OBJECT_PATH_MAX=4096
CommonProgramFiles=C:\Program Files\Common Files
CommonProgramFiles(x86)=C:\Program Files (x86)\Common Files
CommonProgramW6432=C:\Program Files\Common Files
COMPUTERNAME=TABLET-60QL2L1F
ComSpec=C:\WINDOWS\system32\cmd.exe
DriverData=C:\Windows\System32\Drivers\DriverData
EFC_10652=1
FPS_BROWSER_APP_PROFILE_STRING=Internet Explorer
FPS_BROWSER_USER_PROFILE_STRING=Default
GageDir=C:\Program Files (x86)\Gage\CompuScope\
HDI_APPROOT=D:/Vivado/Vitis/2024.2
HDI_PROCESSOR=i686
HOMEDRIVE=C:
HOMEPATH=\Users\avery
HW_SERVER_DJTG_DISABLE=1
HW_SERVER_FTDIMGR_DISABLE=1
IDE_SKIP_SERVER_LICENSE=1
INT_VARIABLE_NAME=XILINX_PATH
ISL_IOSTREAMS_RSA=D:/Vivado/Vitis/2024.2/tps/isl
JAVA_EXE=D:/Vivado\Vitis\2024.2\tps\win64\jre11.0.16_1\bin\java.exe
JAVA_HOME=D:/Vivado\Vitis\2024.2\tps\win64\jre11.0.16_1
KMP_DUPLICATE_LIB_OK=TRUE
LC_NUMERIC=C
LOCALAPPDATA=C:\Users\avery\AppData\Local
LOGONSERVER=\\TABLET-60QL2L1F
LOPPER_DTC_FLAGS=-b 0 -@
MKL_SERIAL=YES
NOSPLASH=false
NUMBER_OF_PROCESSORS=8
OneDrive=C:\Users\avery\OneDrive - UBC
OneDriveCommercial=C:\Users\avery\OneDrive - UBC
OneDriveConsumer=C:\Users\avery\OneDrive
ORIGINAL_XDG_CURRENT_DESKTOP=undefined
OS=Windows_NT
PATH=D:/Vivado/Vivado/2024.2/tps/win64/binutils-2.26/bin;D:/Vivado/Vitis/2024.2/bin/../gnu/aarch64/nt/aarch64-linux/bin;D:/Vivado/Vitis/2024.2/bin/../gnu/ppc64le/4.9.3/win64/bin;D:/Vivado/Vitis/2024.2/bin/../gnu/aarch32/nt/gcc-arm-linux-gnueabi/bin;D:/Vivado/Vitis/2024.2/tps/mingw/6.2.0/win64.o/nt/bin;D:/Vivado/Vivado/2024.2\gnuwin\bin;D:/Vivado/Vivado/2024.2\gnu\microblaze\nt\bin;D:/Vivado/Vitis/2024.2/bin;D:/Vivado/Vitis/2024.2/tps/win64/javafx-sdk-11.0.2/lib;D:/Vivado/Vitis/2024.2/tps/win64/javafx-sdk-11.0.2/bin;D:/Vivado/Vitis/2024.2/lib/win64.o;D:/Vivado/Vitis/2024.2/tps/win64/jre11.0.16_1/bin/server;D:/Vivado/Vitis/2024.2/tps/win64/jre11.0.16_1/bin;D:\Vivado\Vitis\2024.2\tps\win64\lopper-1.1.0-packages\min_sdk\\usr\bin;D:/Vivado\Vitis\2024.2\tps\win64\cmake-3.24.2\bin;D:/Vivado\Vitis\2024.2\gnu\microblaze\nt\bin;D:/Vivado\Vitis\2024.2\gnu\microblaze\linux_toolchain\nt64_le\bin;D:/Vivado\Vitis\2024.2\gnu\aarch32\nt\gcc-arm-linux-gnueabi\bin;D:/Vivado\Vitis\2024.2\gnu\aarch32\nt\gcc-arm-none-eabi\bin;D:/Vivado\Vitis\2024.2\gnu\aarch64\nt\aarch64-linux\bin;D:/Vivado\Vitis\2024.2\gnu\aarch64\nt\aarch64-none\bin;D:/Vivado\Vitis\2024.2\gnu\armr5\nt\gcc-arm-none-eabi\bin;D:/Vivado\Vitis\2024.2\gnuwin\bin;D:/Vivado\Vitis\2024.2\tps\win64\python-3.8.3;D:/Vivado\Vitis\2024.2\tps\win64\libxslt\bin;D:/Vivado/Vivado/2024.2\bin;D:/Vivado/Vitis/2024.2\gnu\arm\nt\bin;D:/Vivado/Vitis/2024.2\gnu\microblaze\linux_toolchain\nt64_be\bin;D:/Vivado/Vitis/2024.2\gnu\riscv\nt\riscv64-unknown-elf\bin;D:/Vivado/Vivado/2024.2\tps\win64\python-3.8.3;D:/Vivado/Vivado/2024.2\tps\win64\git-2.45.0\bin;D:/Vivado/Vivado/2024.2\tps\win64\cmake-3.24.2\bin;D:/Vivado/Vitis/2024.2\win64\tools\clang\bin;C:\Program Files\Git\bin;C:\Program Files\Common Files\Oracle\Java\javapath;C:\Program Files\Eclipse Adoptium\jdk-11.0.16.101-hotspot\bin;C:\Program Files (x86)\NVIDIA Corporation\PhysX\Common;C:\WINDOWS\system32;C:\WINDOWS;C:\WINDOWS\System32\Wbem;C:\WINDOWS\System32\WindowsPowerShell\v1.0\;C:\WINDOWS\System32\OpenSSH\;C:\Program Files\Microsoft SQL Server\Client SDK\ODBC\110\Tools\Binn\;C:\Program Files (x86)\Microsoft SQL Server\120\Tools\Binn\;C:\Program Files\Microsoft SQL Server\120\Tools\Binn\;C:\Program Files\Microsoft SQL Server\120\DTS\Binn\;C:\Program Files (x86)\Windows Kits\8.1\Windows Performance Toolkit\;C:\Gradle\gradle-7.5.1\bin;C:\Program Files\PuTTY\;C:\Program Files\MATLAB\R2024b\bin;C:\Program Files\MATLAB\R2022a\bin;C:\Users\avery\AppData\Local\Programs\Python\Python312;C:\Users\avery\AppData\Local\Packages\PythonSoftwareFoundation.Python.3.12_qbz5n2kfra8p0\LocalCache\local-packages\Python312\Scripts;C:\Users\avery\Downloads\libusb-1.0.27\MinGW64\dll;D:\vivado\Vivado\2022.1\bin;C:\Program Files (x86)\Pulse Secure\VC142.CRT\X64\;C:\Program Files (x86)\Pulse Secure\VC142.CRT\X86\;C:\Program Files (x86)\Common Files\Pulse Secure\TNC Client Plugin\;C:\Users\avery\AppData\Local\Programs\Python\Launcher\;C:\Users\avery\AppData\Local\Microsoft\WindowsApps;C:\Users\avery\AppData\Local\GitHubDesktop\bin;C:\Users\avery\AppData\Local\Pandoc\;C:\Users\avery\AppData\Local\Programs\MiKTeX\miktex\bin\x64\;C:\Users\avery\AppData\Local\Programs\Microsoft VS Code\bin;C:\msys64\ucrt64\bin;;D:/Vivado/Vitis/2024.2\tps\mingw\6.2.0\win64.o\nt\bin;D:/Vivado/Vitis/2024.2\tps\mingw\6.2.0\win64.o\nt\libexec\gcc\x86_64-w64-mingw32\6.2.0
PATHEXT=.COM;.EXE;.BAT;.CMD;.VBS;.VBE;.JS;.JSE;.WSF;.WSH;.MSC
PROCESSOR_ARCHITECTURE=AMD64
PROCESSOR_IDENTIFIER=Intel64 Family 6 Model 126 Stepping 5, GenuineIntel
PROCESSOR_LEVEL=6
PROCESSOR_REVISION=7e05
PRODVERSION_EXE=D:/Vivado/Vitis/2024.2/bin/unwrapped/win64.o/prodversion.exe
ProgramData=C:\ProgramData
ProgramFiles=C:\Program Files
ProgramFiles(x86)=C:\Program Files (x86)
ProgramW6432=C:\Program Files
PROMPT=$P$G
PSModulePath=C:\Program Files\WindowsPowerShell\Modules;C:\WINDOWS\system32\WindowsPowerShell\v1.0\Modules;C:\Program Files (x86)\Microsoft SQL Server\120\Tools\PowerShell\Modules\
PUBLIC=C:\Users\Public
PYTHONPATH=;D:/Vivado/Vitis/2024.2\cli;D:/Vivado/Vitis/2024.2\cli\python-packages\win64;D:/Vivado/Vitis/2024.2\cli\python-packages\site-packages;D:/Vivado/Vitis/2024.2\cli\proto;D:/Vivado/Vitis/2024.2\scripts\python_pkg;
python_path=;D:/Vivado/Vitis/2024.2\cli;D:/Vivado/Vitis/2024.2\cli\python-packages\win64;D:/Vivado/Vitis/2024.2\cli\python-packages\site-packages;D:/Vivado/Vitis/2024.2\cli\proto;D:/Vivado/Vitis/2024.2\scripts\python_pkg;
QSYS_ROOTDIR=C:\intelFPGA_lite\16.1\quartus\sopc_builder\bin
QUARTUS_ROOTDIR=C:\intelFPGA_lite\16.1\quartus
RDI_APPROOT=D:/Vivado/Vitis/2024.2
RDI_ARGS= -c --mode hls --config C:\Main_Folder\School\Year_4\Capstone\vitis_testing\hls\matmul_partitioned\hls_config.cfg --work_dir matmul_partitioned
RDI_ARGS_FUNCTION=RDI_EXEC_DEFAULT
RDI_BASEROOT=D:/Vivado/Vitis
RDI_BINDIR=D:/Vivado/Vitis/2024.2/bin
RDI_BINROOT=D:/Vivado/Vitis/2024.2/bin
RDI_BUILD=yes
RDI_CHECK_PROG=True
RDI_DATADIR=D:/Vivado/SharedData/2024.2/data;D:/Vivado/Vitis/2024.2/data
RDI_INSTALLROOT=D:/Vivado
RDI_INSTALLVER=2024.2
RDI_INSTALLVERSION=2024.2
RDI_JAVACEFROOT=D:/Vivado/Vitis/2024.2/tps/win64/java-cef-95.0.4638.69
RDI_JAVAFXROOT=D:/Vivado/Vitis/2024.2/tps/win64/javafx-sdk-11.0.2
RDI_JAVAROOT=D:/Vivado/Vitis/2024.2/tps/win64/jre11.0.16_1
RDI_JAVA_VERSION=11.0.16_1
RDI_LIBDIR=D:/Vivado/Vitis/2024.2/lib/win64.o
RDI_MINGW_LIB=D:/Vivado/Vitis/2024.2\tps\mingw\6.2.0\win64.o\nt\bin;D:/Vivado/Vitis/2024.2\tps\mingw\6.2.0\win64.o\nt\libexec\gcc\x86_64-w64-mingw32\6.2.0
RDI_OPT_EXT=.o
RDI_OS_ARCH=64
RDI_PLATFORM=win64
RDI_PREPEND_PATH=D:/Vivado/Vitis/2024.2/bin
RDI_PROG=D:/Vivado/Vitis/2024.2/bin/unwrapped/win64.o/v++.exe
RDI_PROGNAME=v++.exe
RDI_SESSION_INFO=D:\Vivado\Vitis\2024.2\bin:TABLET-60QL2L1F-Tue02-18-2025_14-01-50.75
RDI_SHARED_DATA=D:/Vivado/SharedData/2024.2/data
RDI_TPS_ROOT=D:/Vivado/Vivado/2024.2/tps/win64
RDI_USE_JDK11=1
RDI_VERBOSE=False
RT_LIBPATH=D:/Vivado/Vitis/2024.2/scripts/rt/data
RT_TCL_PATH=D:/Vivado/Vitis/2024.2/scripts/rt/base_tcl/tcl
SDKROOT=D:\Vivado\Vitis\2024.2\tps\win64\lopper-1.1.0-packages\min_sdk\
SESSIONNAME=Console
session_string=C:\Main_Folder\School\Year_4\Capstone\vitis_testing\hls\matmul_partitioned:TABLET-60QL2L1F-Tue02-18-2025_14-23-48.78
SHARED_DATA_HOME="D:/Vivado/SharedData/2024.2"
SOPC_KIT_NIOS2=C:\intelFPGA_lite\16.1\nios2eds
supports_classic_ide=true
SWIG_LIB=D:\Vivado\Vitis\2024.2\tps\win64\lopper-1.1.0-packages\min_sdk\\usr\lib\swig\4.2.1
SW_SIM_HYDRA=C:\Program Files\Common Files\SolidWorks Shared\Simulation Worker Agent\
SW_SIM_MPIT=INTELMPI
SW_SIM_TEMP=C:\ProgramData\SOLIDWORKS\SW_net_sim_temp\
SYNTH_COMMON=D:/Vivado/Vitis/2024.2/scripts/rt/data
SystemDrive=C:
SystemRoot=C:\WINDOWS
TCL_LIBRARY=D:/Vivado/Vitis/2024.2/tps/tcl/tcl8.6
TCMALLOC_LARGE_ALLOC_REPORT_THRESHOLD=4294967296
TEMP=C:\Users\avery\AppData\Local\Temp
THEIA_APP_PROJECT_PATH=D:\Vivado\Vitis\2024.2\ide\electron-app\win64\resources\app
THEIA_DEFAULT_PLUGINS=local-dir:D:\Vivado\Vitis\2024.2\ide\electron-app\win64\resources\app\plugins
THEIA_ELECTRON_TOKEN={"value":"26f3e1ca-32d4-4252-bf88-b8b3e8ac7a24"}
THEIA_ELECTRON_VERSION=15.5.7
THEIA_PLUGINS=local-dir:C:\Users\avery\.theia\plugins
TMP=C:\Users\avery\AppData\Local\Temp
tooldir=tps\win64\git-2.41.0
TOOLS_CLANG=D:/Vivado/Vitis/2024.2\win64\tools\clang
TPS_CMAKE=D:/Vivado/Vivado/2024.2\tps\win64\cmake-3.24.2
TPS_GIT=D:/Vivado/Vivado/2024.2\tps\win64\git-2.45.0
TPS_LIBXSLT=D:/Vivado/Vitis/2024.2\tps\win64\libxslt
TPS_PYTHON=D:/Vivado/Vivado/2024.2\tps\win64\python-3.8.3
USERDOMAIN=TABLET-60QL2L1F
USERDOMAIN_ROAMINGPROFILE=TABLET-60QL2L1F
USERNAME=avery
USERPROFILE=C:\Users\avery
VITISNEW=true
VSCODE_API_VERSION=1.53.2
windir=C:\WINDOWS
XILINX_HLS=D:/Vivado/Vitis/2024.2
XILINX_PLANAHEAD=D:/Vivado/Vitis/2024.2
XILINX_SDK=D:/Vivado/Vitis/2024.2
XILINX_VCXX=D:/Vivado/Vitis/2024.2/vcxx
XILINX_VERSION_DEFAULT=2024.2
XILINX_VERSION_VITIS=2024.2
XILINX_VITIS=D:/Vivado\Vitis\2024.2
XILINX_VITIS_GIT=D:/Vivado/Vivado/2024.2\tps\win64\git-2.45.0\bin
XILINX_VITIS_HLS_ENCAPSULATED=1
XILINX_VITIS_VERSION=Vitis v2024.2 (64-bit)
XILINX_VIVADO=D:/Vivado/Vivado/2024.2
XILINX_VIVADO_HLS=D:/Vivado/Vivado/2024.2
XIL_CHECK_TCL_DEBUG=False
XIL_NO_OVERRIDE=0
XIL_SUPPRESS_OVERRIDE_WARNINGS=1
XVREDIST=D:/Vivado/Vitis/2024.2\tps\win64\xvcredist.exe
_RDI_BINROOT=D:\Vivado\Vitis\2024.2\bin
_RDI_CWD=C:\Main_Folder\School\Year_4\Capstone\vitis_testing\hls\matmul_partitioned
_RDI_DONT_SET_XILINX_AS_PATH=True
_RDI_VERSION_PROG=v++
_valid=False
__PSLockDownPolicy=0
XILINX_CD_CONNECT_ID=62104
XILINX_CD_SESSION=3aee91e0-4ede-4131-8767-a95ce56ccd2b


V++ command line:
------------------------------------------
D:/Vivado/Vitis/2024.2/bin/unwrapped/win64.o/v++.exe -c --mode hls --config C:\Main_Folder\School\Year_4\Capstone\vitis_testing\hls\matmul_partitioned\hls_config.cfg --work_dir matmul_partitioned 

FINAL PROGRAM OPTIONS
--compile
--config C:\Main_Folder\School\Year_4\Capstone\vitis_testing\hls\matmul_partitioned\hls_config.cfg
--hls.flow_target vivado
--hls.package.output.format ip_catalog
--hls.package.output.syn false
--hls.syn.file C:\Users\avery\Downloads\matmul_partition.cpp
--hls.syn.file C:\Users\avery\Downloads\matmul_partition.h
--hls.syn.top matmul_partition
--hls.tb.file C:\Users\avery\Downloads\matmul_partition_test.cpp
--mode hls
--part xc7z020clg400-1
--target hw
--work_dir matmul_partitioned

PARSED COMMAND LINE OPTIONS
-c 
--mode hls 
--config C:\Main_Folder\School\Year_4\Capstone\vitis_testing\hls\matmul_partitioned\hls_config.cfg 
--work_dir matmul_partitioned 

PARSED CONFIG FILE (1) OPTIONS
file: C:\Main_Folder\School\Year_4\Capstone\vitis_testing\hls\matmul_partitioned\hls_config.cfg
part xc7z020clg400-1 
hls.flow_target vivado 
hls.package.output.format ip_catalog 
hls.package.output.syn false 
hls.syn.file C:\Users\avery\Downloads\matmul_partition.cpp 
hls.syn.file C:\Users\avery\Downloads\matmul_partition.h 
hls.tb.file C:\Users\avery\Downloads\matmul_partition_test.cpp 
hls.syn.top matmul_partition 


==========================================
new:  steps log generated by v++ for new launch 
timestamp: 18 Feb 2025 14:23:54

------------------------------------------
VITIS-RUN command line :
------------------------------------------
D:/Vivado/Vitis/2024.2/bin/unwrapped/win64.o/vitis-run.exe --mode hls --csim --config C:\Main_Folder\School\Year_4\Capstone\vitis_testing\hls\matmul_partitioned\hls_config.cfg --work_dir matmul_partitioned 
  Options from -O    : 
  Options from *.ini : 
  Options from Hw Platform : 

==========================================
new:  steps log generated by v++ for new launch 
timestamp: 18 Feb 2025 14:30:13

------------------------------------------
VITIS-RUN command line :
------------------------------------------
D:/Vivado/Vitis/2024.2/bin/unwrapped/win64.o/vitis-run.exe --mode hls --cosim --config C:\Main_Folder\School\Year_4\Capstone\vitis_testing\hls\matmul_partitioned\hls_config.cfg --work_dir matmul_partitioned 
  Options from -O    : 
  Options from *.ini : 
  Options from Hw Platform : 

==========================================
new:  steps log generated by v++ for new launch 
timestamp: 18 Feb 2025 15:55:44

------------------------------------------
VITIS-RUN command line :
------------------------------------------
D:/Vivado/Vitis/2024.2/bin/unwrapped/win64.o/vitis-run.exe --mode hls --cosim --config C:\Main_Folder\School\Year_4\Capstone\vitis_testing\hls\matmul_partitioned\hls_config.cfg --work_dir matmul_partitioned 
  Options from -O    : 
  Options from *.ini : 
  Options from Hw Platform : 

==========================================
new:  steps log generated by v++ for new launch 
timestamp: 18 Feb 2025 16:02:50

------------------------------------------
VITIS-RUN command line :
------------------------------------------
D:/Vivado/Vitis/2024.2/bin/unwrapped/win64.o/vitis-run.exe --mode hls --package --config C:\Main_Folder\School\Year_4\Capstone\vitis_testing\hls\matmul_partitioned\hls_config.cfg --work_dir matmul_partitioned 
  Options from -O    : 
  Options from *.ini : 
  Options from Hw Platform : 

==========================================
new:  steps log generated by v++ for new launch 
timestamp: 18 Feb 2025 16:48:27

------------------------------------------
VITIS-RUN command line :
------------------------------------------
D:/Vivado/Vitis/2024.2/bin/unwrapped/win64.o/vitis-run.exe --mode hls --csim --config C:\Main_Folder\School\Year_4\Capstone\vitis_testing\hls\matmul_partitioned\matmul_partitioned\hls-debug.cfg --config C:\Main_Folder\School\Year_4\Capstone\vitis_testing\hls\matmul_partitioned\hls_config.cfg --work_dir matmul_partitioned 
  Options from -O    : 
  Options from *.ini : 
  Options from Hw Platform : 

==========================================
new:  steps log generated by v++ for new launch 
timestamp: 18 Feb 2025 18:08:34

------------------------------------------
VITIS-RUN command line :
------------------------------------------
D:/Vivado/Vitis/2024.2/bin/unwrapped/win64.o/vitis-run.exe --mode hls --csim --config C:\Main_Folder\School\Year_4\Capstone\vitis_testing\hls\matmul_partitioned\hls_config.cfg --work_dir matmul_partitioned 
  Options from -O    : 
  Options from *.ini : 
  Options from Hw Platform : 

==========================================
new:  steps log generated by v++ for new launch 
timestamp: 18 Feb 2025 18:13:53

------------------------------------------
V++ command line :
------------------------------------------
D:/Vivado/Vitis/2024.2/bin/unwrapped/win64.o/v++.exe -c --mode hls --config C:\Main_Folder\School\Year_4\Capstone\vitis_testing\hls\matmul_partitioned\hls_config.cfg --work_dir matmul_partitioned 
  Options from -O    : 
  Options from *.ini : 
  Options from Hw Platform : 

==========================================
new:  steps log generated by v++ for new launch 
timestamp: 20 Feb 2025 14:06:01
