02/18/25 14:23:52: Running xcd server. This server was built by gradle.
02/18/25 14:23:52: Server was asked to start on port: '62104'
02/18/25 14:23:52: Server is using token UUID: '629b2a26-580c-4d56-a31f-9b4707f88a80'
02/18/25 14:23:52: SESSION_MGR: creating session with session uuid: '6d04a3e9-ade5-4ab9-8d63-1f78fcd2ec76' and name 'default'
02/18/25 14:23:52: Attempting to start server on port '62104'
02/18/25 14:23:52: Running Dispatch Server
02/18/25 14:23:52: Version 2.2.0
02/18/25 14:23:53: Dispatch Server: Accepted socket connection from client
02/18/25 14:23:53: Starting Socket connection
02/18/25 14:23:53: EXCHANGE_TOKEN received, server token: 629b2a26-580c-4d56-a31f-9b4707f88a80, passed token: 629b2a26-580c-4d56-a31f-9b4707f88a80
02/18/25 14:23:54: DISPATCH_HANDLER: Adding handler from function makeHandler in library xv_system_diagram
02/18/25 14:23:54: SESSION_MGR: creating session with session uuid: '3aee91e0-4ede-4131-8767-a95ce56ccd2b' and name 'v++_compile_matmul_partitioned'
02/18/25 14:23:54: KERNEL_SVC: creating session with uuid: '3aee91e0-4ede-4131-8767-a95ce56ccd2b' and name 'v++_compile_matmul_partitioned'
02/18/25 14:23:54: GUIDANCE_SMGR: creating guidance session with uuid: '3aee91e0-4ede-4131-8767-a95ce56ccd2b' and name 'v++_compile_matmul_partitioned'
02/18/25 14:23:54: SYSTEM_DIAGRAM: creating session with uuid: '3aee91e0-4ede-4131-8767-a95ce56ccd2b' and name 'v++_compile_matmul_partitioned'
02/18/25 14:24:05: Dispatch Server: Accepted socket connection from client
02/18/25 14:24:05: Starting Socket connection
02/18/25 14:24:30: SESSION_MGR: closing session for UUID '3aee91e0-4ede-4131-8767-a95ce56ccd2b' with name 'v++_compile_matmul_partitioned'
02/18/25 14:24:30: KERNEL_SVC: closing session for UUID '3aee91e0-4ede-4131-8767-a95ce56ccd2b' with name 'v++_compile_matmul_partitioned'
02/18/25 14:24:30: GUIDANCE_SMGR: closing session for UUID '3aee91e0-4ede-4131-8767-a95ce56ccd2b' with name 'v++_compile_matmul_partitioned'
02/18/25 14:24:30: SYSTEM_DIAGRAM: closing session for UUID '3aee91e0-4ede-4131-8767-a95ce56ccd2b' with name 'v++_compile_matmul_partitioned'
02/18/25 14:24:30: STOP_SERVER received, server token: 629b2a26-580c-4d56-a31f-9b4707f88a80, passed token: 629b2a26-580c-4d56-a31f-9b4707f88a80
02/18/25 14:24:30: Socket received request to stop server.
02/18/25 14:24:30: Dispatch Server: do_await_stop
02/18/25 14:24:30: SERVER: destructor for server bound to port 62104
02/18/25 14:30:11: Running xcd server. This server was built by gradle.
02/18/25 14:30:11: Server was asked to start on port: '62150'
02/18/25 14:30:11: Server is using token UUID: 'ac0e803e-2aeb-4da0-828d-831f5e4da888'
02/18/25 14:30:11: SESSION_MGR: creating session with session uuid: '6d04a3e9-ade5-4ab9-8d63-1f78fcd2ec76' and name 'default'
02/18/25 14:30:11: Attempting to start server on port '62150'
02/18/25 14:30:11: Running Dispatch Server
02/18/25 14:30:11: Version 2.2.0
02/18/25 14:30:12: Dispatch Server: Accepted socket connection from client
02/18/25 14:30:12: Starting Socket connection
02/18/25 14:30:12: EXCHANGE_TOKEN received, server token: ac0e803e-2aeb-4da0-828d-831f5e4da888, passed token: ac0e803e-2aeb-4da0-828d-831f5e4da888
02/18/25 14:30:13: DISPATCH_HANDLER: Adding handler from function makeHandler in library xv_system_diagram
02/18/25 14:30:13: SESSION_MGR: creating session with session uuid: '186cb2a2-e57e-4cbf-b0d6-a9fe35873cbc' and name 'vitis-run_compile_matmul_partitioned'
02/18/25 14:30:13: KERNEL_SVC: creating session with uuid: '186cb2a2-e57e-4cbf-b0d6-a9fe35873cbc' and name 'vitis-run_compile_matmul_partitioned'
02/18/25 14:30:13: GUIDANCE_SMGR: creating guidance session with uuid: '186cb2a2-e57e-4cbf-b0d6-a9fe35873cbc' and name 'vitis-run_compile_matmul_partitioned'
02/18/25 14:30:13: SYSTEM_DIAGRAM: creating session with uuid: '186cb2a2-e57e-4cbf-b0d6-a9fe35873cbc' and name 'vitis-run_compile_matmul_partitioned'
02/18/25 14:30:22: Dispatch Server: Accepted socket connection from client
02/18/25 14:30:22: Starting Socket connection
02/18/25 14:31:08: SESSION_MGR: closing session for UUID '186cb2a2-e57e-4cbf-b0d6-a9fe35873cbc' with name 'vitis-run_compile_matmul_partitioned'
02/18/25 14:31:08: KERNEL_SVC: closing session for UUID '186cb2a2-e57e-4cbf-b0d6-a9fe35873cbc' with name 'vitis-run_compile_matmul_partitioned'
02/18/25 14:31:08: GUIDANCE_SMGR: closing session for UUID '186cb2a2-e57e-4cbf-b0d6-a9fe35873cbc' with name 'vitis-run_compile_matmul_partitioned'
02/18/25 14:31:08: SYSTEM_DIAGRAM: closing session for UUID '186cb2a2-e57e-4cbf-b0d6-a9fe35873cbc' with name 'vitis-run_compile_matmul_partitioned'
02/18/25 14:31:08: STOP_SERVER received, server token: ac0e803e-2aeb-4da0-828d-831f5e4da888, passed token: ac0e803e-2aeb-4da0-828d-831f5e4da888
02/18/25 14:31:08: Socket received request to stop server.
02/18/25 14:31:08: Dispatch Server: do_await_stop
02/18/25 14:31:08: SERVER: destructor for server bound to port 62150
02/18/25 15:55:43: Running xcd server. This server was built by gradle.
02/18/25 15:55:43: Server was asked to start on port: '52505'
02/18/25 15:55:43: Server is using token UUID: 'de7054e6-c6c9-4ee9-a138-07b4038ed025'
02/18/25 15:55:43: SESSION_MGR: creating session with session uuid: '6d04a3e9-ade5-4ab9-8d63-1f78fcd2ec76' and name 'default'
02/18/25 15:55:43: Attempting to start server on port '52505'
02/18/25 15:55:43: Running Dispatch Server
02/18/25 15:55:43: Version 2.2.0
02/18/25 15:55:44: Dispatch Server: Accepted socket connection from client
02/18/25 15:55:44: Starting Socket connection
02/18/25 15:55:44: EXCHANGE_TOKEN received, server token: de7054e6-c6c9-4ee9-a138-07b4038ed025, passed token: de7054e6-c6c9-4ee9-a138-07b4038ed025
02/18/25 15:55:44: DISPATCH_HANDLER: Adding handler from function makeHandler in library xv_system_diagram
02/18/25 15:55:44: SESSION_MGR: creating session with session uuid: '84ca96c3-dcb7-4cea-b0ce-9bd4dad661dd' and name 'vitis-run_compile_matmul_partitioned'
02/18/25 15:55:44: KERNEL_SVC: creating session with uuid: '84ca96c3-dcb7-4cea-b0ce-9bd4dad661dd' and name 'vitis-run_compile_matmul_partitioned'
02/18/25 15:55:44: GUIDANCE_SMGR: creating guidance session with uuid: '84ca96c3-dcb7-4cea-b0ce-9bd4dad661dd' and name 'vitis-run_compile_matmul_partitioned'
02/18/25 15:55:44: SYSTEM_DIAGRAM: creating session with uuid: '84ca96c3-dcb7-4cea-b0ce-9bd4dad661dd' and name 'vitis-run_compile_matmul_partitioned'
02/18/25 15:56:11: Dispatch Server: Accepted socket connection from client
02/18/25 15:56:11: Starting Socket connection
02/18/25 15:59:01: SESSION_MGR: closing session for UUID '84ca96c3-dcb7-4cea-b0ce-9bd4dad661dd' with name 'vitis-run_compile_matmul_partitioned'
02/18/25 15:59:01: KERNEL_SVC: closing session for UUID '84ca96c3-dcb7-4cea-b0ce-9bd4dad661dd' with name 'vitis-run_compile_matmul_partitioned'
02/18/25 15:59:01: GUIDANCE_SMGR: closing session for UUID '84ca96c3-dcb7-4cea-b0ce-9bd4dad661dd' with name 'vitis-run_compile_matmul_partitioned'
02/18/25 15:59:01: SYSTEM_DIAGRAM: closing session for UUID '84ca96c3-dcb7-4cea-b0ce-9bd4dad661dd' with name 'vitis-run_compile_matmul_partitioned'
02/18/25 15:59:01: STOP_SERVER received, server token: de7054e6-c6c9-4ee9-a138-07b4038ed025, passed token: de7054e6-c6c9-4ee9-a138-07b4038ed025
02/18/25 15:59:01: Socket received request to stop server.
02/18/25 15:59:01: Dispatch Server: do_await_stop
02/18/25 15:59:01: SERVER: destructor for server bound to port 52505
02/18/25 16:02:48: Running xcd server. This server was built by gradle.
02/18/25 16:02:48: Server was asked to start on port: '52155'
02/18/25 16:02:48: Server is using token UUID: 'e0bcb279-9fe9-4cef-9334-32e58763f341'
02/18/25 16:02:48: SESSION_MGR: creating session with session uuid: '6d04a3e9-ade5-4ab9-8d63-1f78fcd2ec76' and name 'default'
02/18/25 16:02:48: Attempting to start server on port '52155'
02/18/25 16:02:48: Running Dispatch Server
02/18/25 16:02:48: Version 2.2.0
02/18/25 16:02:49: Dispatch Server: Accepted socket connection from client
02/18/25 16:02:49: Starting Socket connection
02/18/25 16:02:49: EXCHANGE_TOKEN received, server token: e0bcb279-9fe9-4cef-9334-32e58763f341, passed token: e0bcb279-9fe9-4cef-9334-32e58763f341
02/18/25 16:02:50: DISPATCH_HANDLER: Adding handler from function makeHandler in library xv_system_diagram
02/18/25 16:02:50: SESSION_MGR: creating session with session uuid: '69d42c1c-31c5-40aa-b220-db11d758e60d' and name 'vitis-run_compile_matmul_partitioned'
02/18/25 16:02:50: KERNEL_SVC: creating session with uuid: '69d42c1c-31c5-40aa-b220-db11d758e60d' and name 'vitis-run_compile_matmul_partitioned'
02/18/25 16:02:50: GUIDANCE_SMGR: creating guidance session with uuid: '69d42c1c-31c5-40aa-b220-db11d758e60d' and name 'vitis-run_compile_matmul_partitioned'
02/18/25 16:02:50: SYSTEM_DIAGRAM: creating session with uuid: '69d42c1c-31c5-40aa-b220-db11d758e60d' and name 'vitis-run_compile_matmul_partitioned'
02/18/25 16:03:06: Dispatch Server: Accepted socket connection from client
02/18/25 16:03:06: Starting Socket connection
02/18/25 16:13:17: SESSION_MGR: closing session for UUID '69d42c1c-31c5-40aa-b220-db11d758e60d' with name 'vitis-run_compile_matmul_partitioned'
02/18/25 16:13:17: KERNEL_SVC: closing session for UUID '69d42c1c-31c5-40aa-b220-db11d758e60d' with name 'vitis-run_compile_matmul_partitioned'
02/18/25 16:13:17: GUIDANCE_SMGR: closing session for UUID '69d42c1c-31c5-40aa-b220-db11d758e60d' with name 'vitis-run_compile_matmul_partitioned'
02/18/25 16:13:17: SYSTEM_DIAGRAM: closing session for UUID '69d42c1c-31c5-40aa-b220-db11d758e60d' with name 'vitis-run_compile_matmul_partitioned'
02/18/25 16:13:17: STOP_SERVER received, server token: e0bcb279-9fe9-4cef-9334-32e58763f341, passed token: e0bcb279-9fe9-4cef-9334-32e58763f341
02/18/25 16:13:17: Socket received request to stop server.
02/18/25 16:13:17: Dispatch Server: do_await_stop
02/18/25 16:13:17: SERVER: destructor for server bound to port 52155
02/18/25 16:48:25: Running xcd server. This server was built by gradle.
02/18/25 16:48:25: Server was asked to start on port: '55200'
02/18/25 16:48:25: Server is using token UUID: '4b9f542b-64fd-4000-815e-a0c95d3e1981'
02/18/25 16:48:25: SESSION_MGR: creating session with session uuid: '6d04a3e9-ade5-4ab9-8d63-1f78fcd2ec76' and name 'default'
02/18/25 16:48:25: Attempting to start server on port '55200'
02/18/25 16:48:25: Running Dispatch Server
02/18/25 16:48:25: Version 2.2.0
02/18/25 16:48:26: Dispatch Server: Accepted socket connection from client
02/18/25 16:48:26: Starting Socket connection
02/18/25 16:48:26: EXCHANGE_TOKEN received, server token: 4b9f542b-64fd-4000-815e-a0c95d3e1981, passed token: 4b9f542b-64fd-4000-815e-a0c95d3e1981
02/18/25 16:48:27: DISPATCH_HANDLER: Adding handler from function makeHandler in library xv_system_diagram
02/18/25 16:48:27: SESSION_MGR: creating session with session uuid: 'f7cefe27-a94a-4061-9c5d-cb1527cb88ed' and name 'vitis-run_compile_matmul_partitioned'
02/18/25 16:48:27: KERNEL_SVC: creating session with uuid: 'f7cefe27-a94a-4061-9c5d-cb1527cb88ed' and name 'vitis-run_compile_matmul_partitioned'
02/18/25 16:48:27: GUIDANCE_SMGR: creating guidance session with uuid: 'f7cefe27-a94a-4061-9c5d-cb1527cb88ed' and name 'vitis-run_compile_matmul_partitioned'
02/18/25 16:48:27: SYSTEM_DIAGRAM: creating session with uuid: 'f7cefe27-a94a-4061-9c5d-cb1527cb88ed' and name 'vitis-run_compile_matmul_partitioned'
02/18/25 16:48:59: Dispatch Server: Accepted socket connection from client
02/18/25 16:48:59: Starting Socket connection
02/18/25 16:49:50: SESSION_MGR: closing session for UUID 'f7cefe27-a94a-4061-9c5d-cb1527cb88ed' with name 'vitis-run_compile_matmul_partitioned'
02/18/25 16:49:50: KERNEL_SVC: closing session for UUID 'f7cefe27-a94a-4061-9c5d-cb1527cb88ed' with name 'vitis-run_compile_matmul_partitioned'
02/18/25 16:49:50: GUIDANCE_SMGR: closing session for UUID 'f7cefe27-a94a-4061-9c5d-cb1527cb88ed' with name 'vitis-run_compile_matmul_partitioned'
02/18/25 16:49:50: SYSTEM_DIAGRAM: closing session for UUID 'f7cefe27-a94a-4061-9c5d-cb1527cb88ed' with name 'vitis-run_compile_matmul_partitioned'
02/18/25 16:49:50: STOP_SERVER received, server token: 4b9f542b-64fd-4000-815e-a0c95d3e1981, passed token: 4b9f542b-64fd-4000-815e-a0c95d3e1981
02/18/25 16:49:50: Socket received request to stop server.
02/18/25 16:49:50: Dispatch Server: do_await_stop
02/18/25 16:49:50: SERVER: destructor for server bound to port 55200
02/18/25 18:08:32: Running xcd server. This server was built by gradle.
02/18/25 18:08:32: Server was asked to start on port: '64574'
02/18/25 18:08:32: Server is using token UUID: '88c90a96-fec0-4d7a-b1df-c825048d9913'
02/18/25 18:08:32: SESSION_MGR: creating session with session uuid: '6d04a3e9-ade5-4ab9-8d63-1f78fcd2ec76' and name 'default'
02/18/25 18:08:32: Attempting to start server on port '64574'
02/18/25 18:08:32: Running Dispatch Server
02/18/25 18:08:32: Version 2.2.0
02/18/25 18:08:33: Dispatch Server: Accepted socket connection from client
02/18/25 18:08:33: Starting Socket connection
02/18/25 18:08:33: EXCHANGE_TOKEN received, server token: 88c90a96-fec0-4d7a-b1df-c825048d9913, passed token: 88c90a96-fec0-4d7a-b1df-c825048d9913
02/18/25 18:08:34: DISPATCH_HANDLER: Adding handler from function makeHandler in library xv_system_diagram
02/18/25 18:08:34: SESSION_MGR: creating session with session uuid: '96f84390-92b8-4256-9745-c45b0e3de830' and name 'vitis-run_compile_matmul_partitioned'
02/18/25 18:08:34: KERNEL_SVC: creating session with uuid: '96f84390-92b8-4256-9745-c45b0e3de830' and name 'vitis-run_compile_matmul_partitioned'
02/18/25 18:08:34: GUIDANCE_SMGR: creating guidance session with uuid: '96f84390-92b8-4256-9745-c45b0e3de830' and name 'vitis-run_compile_matmul_partitioned'
02/18/25 18:08:34: SYSTEM_DIAGRAM: creating session with uuid: '96f84390-92b8-4256-9745-c45b0e3de830' and name 'vitis-run_compile_matmul_partitioned'
02/18/25 18:08:58: Dispatch Server: Accepted socket connection from client
02/18/25 18:08:58: Starting Socket connection
02/18/25 18:09:19: SESSION_MGR: closing session for UUID '96f84390-92b8-4256-9745-c45b0e3de830' with name 'vitis-run_compile_matmul_partitioned'
02/18/25 18:09:19: KERNEL_SVC: closing session for UUID '96f84390-92b8-4256-9745-c45b0e3de830' with name 'vitis-run_compile_matmul_partitioned'
02/18/25 18:09:19: GUIDANCE_SMGR: closing session for UUID '96f84390-92b8-4256-9745-c45b0e3de830' with name 'vitis-run_compile_matmul_partitioned'
02/18/25 18:09:19: SYSTEM_DIAGRAM: closing session for UUID '96f84390-92b8-4256-9745-c45b0e3de830' with name 'vitis-run_compile_matmul_partitioned'
02/18/25 18:09:19: STOP_SERVER received, server token: 88c90a96-fec0-4d7a-b1df-c825048d9913, passed token: 88c90a96-fec0-4d7a-b1df-c825048d9913
02/18/25 18:09:19: Socket received request to stop server.
02/18/25 18:09:19: Dispatch Server: do_await_stop
02/18/25 18:09:19: SERVER: destructor for server bound to port 64574
02/18/25 18:13:51: Running xcd server. This server was built by gradle.
02/18/25 18:13:51: Server was asked to start on port: '51077'
02/18/25 18:13:51: Server is using token UUID: 'eda28fc5-2f54-44fe-a9d2-6fd7223eba98'
02/18/25 18:13:51: SESSION_MGR: creating session with session uuid: '6d04a3e9-ade5-4ab9-8d63-1f78fcd2ec76' and name 'default'
02/18/25 18:13:51: Attempting to start server on port '51077'
02/18/25 18:13:51: Running Dispatch Server
02/18/25 18:13:51: Version 2.2.0
02/18/25 18:13:53: Dispatch Server: Accepted socket connection from client
02/18/25 18:13:53: Starting Socket connection
02/18/25 18:13:53: EXCHANGE_TOKEN received, server token: eda28fc5-2f54-44fe-a9d2-6fd7223eba98, passed token: eda28fc5-2f54-44fe-a9d2-6fd7223eba98
02/18/25 18:13:53: DISPATCH_HANDLER: Adding handler from function makeHandler in library xv_system_diagram
02/18/25 18:13:53: SESSION_MGR: creating session with session uuid: 'a9907dfa-2175-4c73-8980-dc820e7439a5' and name 'vitis-run_compile_matmul_partitioned'
02/18/25 18:13:53: KERNEL_SVC: creating session with uuid: 'a9907dfa-2175-4c73-8980-dc820e7439a5' and name 'vitis-run_compile_matmul_partitioned'
02/18/25 18:13:53: GUIDANCE_SMGR: creating guidance session with uuid: 'a9907dfa-2175-4c73-8980-dc820e7439a5' and name 'vitis-run_compile_matmul_partitioned'
02/18/25 18:13:53: SYSTEM_DIAGRAM: creating session with uuid: 'a9907dfa-2175-4c73-8980-dc820e7439a5' and name 'vitis-run_compile_matmul_partitioned'
02/18/25 18:14:03: Dispatch Server: Accepted socket connection from client
02/18/25 18:14:03: Starting Socket connection
02/18/25 18:14:08: SESSION_MGR: closing session for UUID 'a9907dfa-2175-4c73-8980-dc820e7439a5' with name 'vitis-run_compile_matmul_partitioned'
02/18/25 18:14:08: KERNEL_SVC: closing session for UUID 'a9907dfa-2175-4c73-8980-dc820e7439a5' with name 'vitis-run_compile_matmul_partitioned'
02/18/25 18:14:08: GUIDANCE_SMGR: closing session for UUID 'a9907dfa-2175-4c73-8980-dc820e7439a5' with name 'vitis-run_compile_matmul_partitioned'
02/18/25 18:14:08: SYSTEM_DIAGRAM: closing session for UUID 'a9907dfa-2175-4c73-8980-dc820e7439a5' with name 'vitis-run_compile_matmul_partitioned'
02/18/25 18:14:08: STOP_SERVER received, server token: eda28fc5-2f54-44fe-a9d2-6fd7223eba98, passed token: eda28fc5-2f54-44fe-a9d2-6fd7223eba98
02/18/25 18:14:08: Socket received request to stop server.
02/18/25 18:14:08: Dispatch Server: do_await_stop
02/18/25 18:14:08: SERVER: destructor for server bound to port 51077
02/20/25 14:05:54: Running xcd server. This server was built by gradle.
02/20/25 14:05:54: Server was asked to start on port: '58424'
02/20/25 14:05:54: Server is using token UUID: '302eab11-ab03-465f-8d3f-50b8c10c1b34'
02/20/25 14:05:54: SESSION_MGR: creating session with session uuid: '6d04a3e9-ade5-4ab9-8d63-1f78fcd2ec76' and name 'default'
02/20/25 14:05:54: Attempting to start server on port '58424'
02/20/25 14:05:54: Running Dispatch Server
02/20/25 14:05:54: Version 2.2.0
02/20/25 14:05:59: Dispatch Server: Accepted socket connection from client
02/20/25 14:05:59: Starting Socket connection
02/20/25 14:05:59: EXCHANGE_TOKEN received, server token: 302eab11-ab03-465f-8d3f-50b8c10c1b34, passed token: 302eab11-ab03-465f-8d3f-50b8c10c1b34
02/20/25 14:06:01: DISPATCH_HANDLER: Adding handler from function makeHandler in library xv_system_diagram
02/20/25 14:06:01: SESSION_MGR: creating session with session uuid: '18da4bba-a9b9-4890-9102-d9cf33a2f7e6' and name 'v++_compile_matmul_partitioned'
02/20/25 14:06:01: KERNEL_SVC: creating session with uuid: '18da4bba-a9b9-4890-9102-d9cf33a2f7e6' and name 'v++_compile_matmul_partitioned'
02/20/25 14:06:01: GUIDANCE_SMGR: creating guidance session with uuid: '18da4bba-a9b9-4890-9102-d9cf33a2f7e6' and name 'v++_compile_matmul_partitioned'
02/20/25 14:06:01: SYSTEM_DIAGRAM: creating session with uuid: '18da4bba-a9b9-4890-9102-d9cf33a2f7e6' and name 'v++_compile_matmul_partitioned'
02/20/25 14:08:02: Dispatch Server: Accepted socket connection from client
02/20/25 14:08:02: Starting Socket connection
02/20/25 14:14:27: SESSION_MGR: closing session for UUID '18da4bba-a9b9-4890-9102-d9cf33a2f7e6' with name 'v++_compile_matmul_partitioned'
02/20/25 14:14:27: KERNEL_SVC: closing session for UUID '18da4bba-a9b9-4890-9102-d9cf33a2f7e6' with name 'v++_compile_matmul_partitioned'
02/20/25 14:14:27: GUIDANCE_SMGR: closing session for UUID '18da4bba-a9b9-4890-9102-d9cf33a2f7e6' with name 'v++_compile_matmul_partitioned'
02/20/25 14:14:28: SYSTEM_DIAGRAM: closing session for UUID '18da4bba-a9b9-4890-9102-d9cf33a2f7e6' with name 'v++_compile_matmul_partitioned'
02/20/25 14:14:28: STOP_SERVER received, server token: 302eab11-ab03-465f-8d3f-50b8c10c1b34, passed token: 302eab11-ab03-465f-8d3f-50b8c10c1b34
02/20/25 14:14:28: Socket received request to stop server.
02/20/25 14:14:28: Dispatch Server: do_await_stop
02/20/25 14:14:28: SERVER: destructor for server bound to port 58424
