#-----------------------------------------------------------
# Vivado v2024.2 (64-bit)
# SW Build 5239630 on Fri Nov 08 22:35:27 MST 2024
# IP Build 5239520 on Sun Nov 10 16:12:51 MST 2024
# SharedData Build 5239561 on Fri Nov 08 14:39:27 MST 2024
# Start of session at: Thu Feb 20 14:10:32 2025
# Process ID         : 22204
# Current directory  : C:/Main_Folder/School/Year_4/Capstone/vitis_testing/hls/matmul_partitioned/matmul_partitioned/hls/impl/ip
# Command line       : vivado.exe -notrace -mode batch -source run_ippack.tcl
# Log file           : C:/Main_Folder/School/Year_4/Capstone/vitis_testing/hls/matmul_partitioned/matmul_partitioned/hls/impl/ip/vivado.log
# Journal file       : C:/Main_Folder/School/Year_4/Capstone/vitis_testing/hls/matmul_partitioned/matmul_partitioned/hls/impl/ip\vivado.jou
# Running On         : TABLET-60QL2L1F
# Platform           : Windows Server 2016 or Windows 10
# Operating System   : 22631
# Processor Detail   : Intel(R) Core(TM) i7-1065G7 CPU @ 1.30GHz
# CPU Frequency      : 1498 MHz
# CPU Physical cores : 4
# CPU Logical cores  : 8
# Host memory        : 16745 MB
# Swap memory        : 3861 MB
# Total Virtual      : 20607 MB
# Available Virtual  : 3760 MB
#-----------------------------------------------------------
source run_ippack.tcl -notrace
INFO: calling package_hls_ip ip_types=vitis sysgen json_file=C:/Main_Folder/School/Year_4/Capstone/vitis_testing/hls/matmul_partitioned/matmul_partitioned/hls/hls_data.json outdir=C:/Main_Folder/School/Year_4/Capstone/vitis_testing/hls/matmul_partitioned/matmul_partitioned/hls/impl/ip srcdir=C:/Main_Folder/School/Year_4/Capstone/vitis_testing/hls/matmul_partitioned/matmul_partitioned/hls sort_interfaces_ports=false
INFO: Copied 1 ipmisc file(s) to C:/Main_Folder/School/Year_4/Capstone/vitis_testing/hls/matmul_partitioned/matmul_partitioned/hls/impl/ip/misc
INFO: Copied 27 verilog file(s) to C:/Main_Folder/School/Year_4/Capstone/vitis_testing/hls/matmul_partitioned/matmul_partitioned/hls/impl/ip/hdl/verilog
INFO: Copied 27 vhdl file(s) to C:/Main_Folder/School/Year_4/Capstone/vitis_testing/hls/matmul_partitioned/matmul_partitioned/hls/impl/ip/hdl/vhdl
INFO: Copied 10 swdriver file(s) to C:/Main_Folder/School/Year_4/Capstone/vitis_testing/hls/matmul_partitioned/matmul_partitioned/hls/impl/ip/drivers
ipx::create_core: Time (s): cpu = 00:00:13 ; elapsed = 00:01:02 . Memory (MB): peak = 572.840 ; gain = 156.395
INFO: Import ports from HDL: C:/Main_Folder/School/Year_4/Capstone/vitis_testing/hls/matmul_partitioned/matmul_partitioned/hls/impl/ip/hdl/vhdl/matmul_partition.vhd (matmul_partition)
INFO: Add axi4lite interface s_axi_control
INFO: Add clock interface ap_clk
INFO: Add reset interface ap_rst_n
INFO: Add interrupt interface interrupt
INFO: [IP_Flow 19-234] Refreshing IP repositories
INFO: [IP_Flow 19-1704] No user IP repositories specified
INFO: [IP_Flow 19-2313] Loaded Vivado IP repository 'D:/Vivado/Vivado/2024.2/data/ip'.
INFO: Add axi4full interface m_axi_gmem
INFO: Add data interface dim
INFO: Add data interface rep_count
INFO: Calling post_process_vitis to specialize IP
INFO: Calling post_process_sysgen to specialize IP
Generating sysgen info xml from json file
INFO: Created IP C:/Main_Folder/School/Year_4/Capstone/vitis_testing/hls/matmul_partitioned/matmul_partitioned/hls/impl/ip/component.xml
ipx::archive_core: Time (s): cpu = 00:00:00 ; elapsed = 00:00:06 . Memory (MB): peak = 634.066 ; gain = 0.000
INFO: Created IP archive C:/Main_Folder/School/Year_4/Capstone/vitis_testing/hls/matmul_partitioned/matmul_partitioned/hls/impl/ip/xilinx_com_hls_matmul_partition_1_0.zip
INFO: [Common 17-206] Exiting Vivado at Thu Feb 20 14:14:21 2025...
